
> backend@0.0.0 dev
> node ace serve --hmr

c[ info ] starting HTTP server...
╭──────────────────────────────────────────────────╮
│                                                  │
│    Server address: http://127.0.0.1:33627        │
│    Watch Mode: HMR                               │
│    Ready in: 5.01 s                              │
│                                                  │
╰──────────────────────────────────────────────────╯
[13:17:02.448] INFO (20862): started HTTP server on 0.0.0.0:33627
node:events:486
      throw er; // Unhandled 'error' event
      ^

Error [ERR_IPC_CHANNEL_CLOSED]: Channel closed
    at target.send (node:internal/child_process:753:16)
    at #onMessage (file:///home/kadea-dev-3/Documents/mykoverApp/backend/node_modules/hot-hook/build/src/hot.js:17:27)
    at [nodejs.internal.kHybridDispatch] (node:internal/event_target:827:20)
    at MessagePort.<anonymous> (node:internal/per_context/messageport:23:28)
Emitted 'error' event on process instance at:
    at node:internal/child_process:757:35
    at process.processTicksAndRejections (node:internal/process/task_queues:85:11) {
  code: 'ERR_IPC_CHANNEL_CLOSED'
}

Node.js v24.6.0
